12 1774 2588
15
439 601
125 629
269 538
226 326
267 574
228 315
437 200
253 579
370 325
449 385
260 651
368 636
347 684
368 222
285 174
17
232 169
367 519
342 579
273 310
334 437
167 577
296 367
249 587
415 529
394 448
226 316
197 350
407 335
291 800
385 474
311 523
243 280
13
391 366
151 290
346 351
158 549
359 343
299 469
568 598
172 347
346 412
370 388
266 289
184 331
195 489
15
460 489
418 385
462 497
178 581
439 346
239 417
300 636
332 173
339 511
450 263
258 536
363 466
463 624
196 208
120 570
16
240 411
199 567
195 307
260 568
326 569
324 352
188 203
269 173
243 345
220 305
277 223
438 283
356 347
136 592
137 504
121 261
16
136 208
144 327
277 350
143 611
316 484
180 163
273 284
316 316
191 245
259 162
316 313
196 190
306 442
230 183
325 385
123 286
17
146 249
79 247
189 244
154 297
209 162
156 173
140 169
150 177
170 257
145 234
156 238
128 262
137 216
125 209
111 159
184 231
111 203
17
302 351
277 454
199 380
107 254
265 314
254 451
307 398
125 388
174 324
306 183
310 444
276 456
152 417
158 341
222 286
251 314
271 356
16
337 255
146 227
181 219
139 230
111 261
151 301
153 285
215 294
206 209
132 198
128 301
202 266
215 261
119 210
189 206
153 266
16
137 287
164 176
112 241
154 250
133 288
164 262
137 319
119 260
186 261
168 237
158 317
155 216
216 225
172 165
167 193
122 246
16
132 237
211 316
177 187
199 318
152 200
128 210
134 288
135 222
167 213
151 309
155 280
185 182
130 269
202 258
294 187
113 181
16
180 322
164 310
153 228
130 261
165 288
153 260
199 313
179 285
176 294
213 224
173 313
178 299
366 309
137 227
162 225
170 225
